Watching for file changes with StatReloader
/Users/sayandeep/Documents/altresume/backend/core/settings.py changed, reloading.
Performing system checks...

Watching for file changes with StatReloader
Exception in thread django-main-thread:
Traceback (most recent call last):
  File "/Library/Frameworks/Python.framework/Versions/3.13/lib/python3.13/threading.py", line 1041, in _bootstrap_inner
    self.run()
    ~~~~~~~~^^
  File "/Library/Frameworks/Python.framework/Versions/3.13/lib/python3.13/threading.py", line 992, in run
    self._target(*self._args, **self._kwargs)
    ~~~~~~~~~~~~^^^^^^^^^^^^^^^^^^^^^^^^^^^^^
  File "/Users/sayandeep/Documents/altresume/backend/venv/lib/python3.13/site-packages/django/utils/autoreload.py", line 64, in wrapper
    fn(*args, **kwargs)
    ~~^^^^^^^^^^^^^^^^^
  File "/Users/sayandeep/Documents/altresume/backend/venv/lib/python3.13/site-packages/django/core/management/commands/runserver.py", line 134, in inner_run
    self.check(display_num_errors=True)
    ~~~~~~~~~~^^^^^^^^^^^^^^^^^^^^^^^^^
  File "/Users/sayandeep/Documents/altresume/backend/venv/lib/python3.13/site-packages/django/core/management/base.py", line 475, in check
    all_issues = checks.run_checks(
        app_configs=app_configs,
    ...<2 lines>...
        databases=databases,
    )
  File "/Users/sayandeep/Documents/altresume/backend/venv/lib/python3.13/site-packages/django/core/checks/registry.py", line 88, in run_checks
    new_errors = check(app_configs=app_configs, databases=databases)
  File "/Users/sayandeep/Documents/altresume/backend/venv/lib/python3.13/site-packages/django/core/checks/urls.py", line 14, in check_url_config
    return check_resolver(resolver)
  File "/Users/sayandeep/Documents/altresume/backend/venv/lib/python3.13/site-packages/django/core/checks/urls.py", line 24, in check_resolver
    return check_method()
  File "/Users/sayandeep/Documents/altresume/backend/venv/lib/python3.13/site-packages/django/urls/resolvers.py", line 494, in check
    for pattern in self.url_patterns:
                   ^^^^^^^^^^^^^^^^^
  File "/Users/sayandeep/Documents/altresume/backend/venv/lib/python3.13/site-packages/django/utils/functional.py", line 57, in __get__
    res = instance.__dict__[self.name] = self.func(instance)
                                         ~~~~~~~~~^^^^^^^^^^
  File "/Users/sayandeep/Documents/altresume/backend/venv/lib/python3.13/site-packages/django/urls/resolvers.py", line 715, in url_patterns
    patterns = getattr(self.urlconf_module, "urlpatterns", self.urlconf_module)
                       ^^^^^^^^^^^^^^^^^^^
  File "/Users/sayandeep/Documents/altresume/backend/venv/lib/python3.13/site-packages/django/utils/functional.py", line 57, in __get__
    res = instance.__dict__[self.name] = self.func(instance)
                                         ~~~~~~~~~^^^^^^^^^^
  File "/Users/sayandeep/Documents/altresume/backend/venv/lib/python3.13/site-packages/django/urls/resolvers.py", line 708, in urlconf_module
    return import_module(self.urlconf_name)
  File "/Library/Frameworks/Python.framework/Versions/3.13/lib/python3.13/importlib/__init__.py", line 88, in import_module
    return _bootstrap._gcd_import(name[level:], package, level)
           ~~~~~~~~~~~~~~~~~~~~~~^^^^^^^^^^^^^^^^^^^^^^^^^^^^^^
  File "<frozen importlib._bootstrap>", line 1387, in _gcd_import
  File "<frozen importlib._bootstrap>", line 1360, in _find_and_load
  File "<frozen importlib._bootstrap>", line 1331, in _find_and_load_unlocked
  File "<frozen importlib._bootstrap>", line 935, in _load_unlocked
  File "<frozen importlib._bootstrap_external>", line 1026, in exec_module
  File "<frozen importlib._bootstrap>", line 488, in _call_with_frames_removed
  File "/Users/sayandeep/Documents/altresume/backend/core/urls.py", line 13, in <module>
    path('api/career/', include('career.urls')),
                        ~~~~~~~^^^^^^^^^^^^^^^
  File "/Users/sayandeep/Documents/altresume/backend/venv/lib/python3.13/site-packages/django/urls/conf.py", line 38, in include
    urlconf_module = import_module(urlconf_module)
  File "/Library/Frameworks/Python.framework/Versions/3.13/lib/python3.13/importlib/__init__.py", line 88, in import_module
    return _bootstrap._gcd_import(name[level:], package, level)
           ~~~~~~~~~~~~~~~~~~~~~~^^^^^^^^^^^^^^^^^^^^^^^^^^^^^^
  File "<frozen importlib._bootstrap>", line 1387, in _gcd_import
  File "<frozen importlib._bootstrap>", line 1360, in _find_and_load
  File "<frozen importlib._bootstrap>", line 1331, in _find_and_load_unlocked
  File "<frozen importlib._bootstrap>", line 935, in _load_unlocked
  File "<frozen importlib._bootstrap_external>", line 1026, in exec_module
  File "<frozen importlib._bootstrap>", line 488, in _call_with_frames_removed
  File "/Users/sayandeep/Documents/altresume/backend/career/urls.py", line 2, in <module>
    from .views import (
    ...<8 lines>...
    )
  File "/Users/sayandeep/Documents/altresume/backend/career/views.py", line 26, in <module>
    from .serializers import (
    ...<7 lines>...
    )
ImportError: cannot import name 'PipelineRunSerializer' from 'career.serializers' (/Users/sayandeep/Documents/altresume/backend/career/serializers.py)
/Users/sayandeep/Documents/altresume/backend/career/serializers.py changed, reloading.
Performing system checks...

Watching for file changes with StatReloader
